     1 00000000                                 [FORMAT "WCOFF"]
     2 00000000                                 [INSTRSET "i486p"]
     3 00000000                                 [OPTIMIZE 1]
     4 00000000                                 [OPTION 1]
     5 00000000                                 [BITS 32]
     6 00000000                                 	EXTERN	_init_gdtidt
     7 00000000                                 	EXTERN	_init_pic
     8 00000000                                 	EXTERN	_io_sti
     9 00000000                                 	EXTERN	_keyfifo
    10 00000000                                 	EXTERN	_fifo8_init
    11 00000000                                 	EXTERN	_mousefifo
    12 00000000                                 	EXTERN	_io_out8
    13 00000000                                 	EXTERN	_init_palette
    14 00000000                                 	EXTERN	_init_screen8
    15 00000000                                 	EXTERN	_init_mouse_cursor8
    16 00000000                                 	EXTERN	_putblock8_8
    17 00000000                                 	EXTERN	_sprintf
    18 00000000                                 	EXTERN	_putfonts8_asc
    19 00000000                                 	EXTERN	_io_cli
    20 00000000                                 	EXTERN	_fifo8_status
    21 00000000                                 	EXTERN	_fifo8_get
    22 00000000                                 	EXTERN	_io_stihlt
    23 00000000                                 	EXTERN	_io_in8
    24 00000000                                 [FILE "bootpack.c"]
    25                                          [SECTION .data]
    26 00000000                                 LC0:
    27 00000000 28 25 64 2C 20 25 64 29 00      	DB	"(%d, %d)",0x00
    28 00000009                                 LC1:
    29 00000009 25 30 32 58 00                  	DB	"%02X",0x00
    30                                          [SECTION .text]
    31 00000000                                 	GLOBAL	_HariMain
    32 00000000                                 _HariMain:
    33 00000000 55                              	PUSH	EBP
    34 00000001 89 E5                           	MOV	EBP,ESP
    35 00000003 57                              	PUSH	EDI
    36 00000004 56                              	PUSH	ESI
    37 00000005 53                              	PUSH	EBX
    38 00000006 8D 9D FFFFFEC4                  	LEA	EBX,DWORD [-316+EBP]
    39 0000000C 81 EC 000001D0                  	SUB	ESP,464
    40 00000012 E8 [00000000]                   	CALL	_init_gdtidt
    41 00000017 E8 [00000000]                   	CALL	_init_pic
    42 0000001C E8 [00000000]                   	CALL	_io_sti
    43 00000021 8D 85 FFFFFEA4                  	LEA	EAX,DWORD [-348+EBP]
    44 00000027 50                              	PUSH	EAX
    45 00000028 6A 20                           	PUSH	32
    46 0000002A 68 [00000000]                   	PUSH	_keyfifo
    47 0000002F E8 [00000000]                   	CALL	_fifo8_init
    48 00000034 8D 85 FFFFFE24                  	LEA	EAX,DWORD [-476+EBP]
    49 0000003A 50                              	PUSH	EAX
    50 0000003B 68 00000080                     	PUSH	128
    51 00000040 68 [00000000]                   	PUSH	_mousefifo
    52 00000045 E8 [00000000]                   	CALL	_fifo8_init
    53 0000004A 68 000000F9                     	PUSH	249
    54 0000004F 6A 21                           	PUSH	33
    55 00000051 E8 [00000000]                   	CALL	_io_out8
    56 00000056 83 C4 20                        	ADD	ESP,32
    57 00000059 68 000000EF                     	PUSH	239
    58 0000005E 68 000000A1                     	PUSH	161
    59 00000063 E8 [00000000]                   	CALL	_io_out8
    60 00000068 E8 0000016D                     	CALL	_init_keyboard
    61 0000006D E8 [00000000]                   	CALL	_init_palette
    62 00000072 0F BF 05 00000FF6               	MOVSX	EAX,WORD [4086]
    63 00000079 50                              	PUSH	EAX
    64 0000007A 0F BF 05 00000FF4               	MOVSX	EAX,WORD [4084]
    65 00000081 50                              	PUSH	EAX
    66 00000082 FF 35 00000FF8                  	PUSH	DWORD [4088]
    67 00000088 E8 [00000000]                   	CALL	_init_screen8
    68 0000008D B9 00000002                     	MOV	ECX,2
    69 00000092 0F BF 05 00000FF4               	MOVSX	EAX,WORD [4084]
    70 00000099 8D 50 F0                        	LEA	EDX,DWORD [-16+EAX]
    71 0000009C 89 D0                           	MOV	EAX,EDX
    72 0000009E 99                              	CDQ
    73 0000009F F7 F9                           	IDIV	ECX
    74 000000A1 0F BF 15 00000FF6               	MOVSX	EDX,WORD [4086]
    75 000000A8 83 EA 2C                        	SUB	EDX,44
    76 000000AB 89 C7                           	MOV	EDI,EAX
    77 000000AD 89 D0                           	MOV	EAX,EDX
    78 000000AF 6A 0E                           	PUSH	14
    79 000000B1 99                              	CDQ
    80 000000B2 F7 F9                           	IDIV	ECX
    81 000000B4 53                              	PUSH	EBX
    82 000000B5 89 C6                           	MOV	ESI,EAX
    83 000000B7 E8 [00000000]                   	CALL	_init_mouse_cursor8
    84 000000BC 6A 10                           	PUSH	16
    85 000000BE 53                              	PUSH	EBX
    86 000000BF 8D 5D C4                        	LEA	EBX,DWORD [-60+EBP]
    87 000000C2 56                              	PUSH	ESI
    88 000000C3 57                              	PUSH	EDI
    89 000000C4 6A 10                           	PUSH	16
    90 000000C6 6A 10                           	PUSH	16
    91 000000C8 0F BF 05 00000FF4               	MOVSX	EAX,WORD [4084]
    92 000000CF 50                              	PUSH	EAX
    93 000000D0 FF 35 00000FF8                  	PUSH	DWORD [4088]
    94 000000D6 E8 [00000000]                   	CALL	_putblock8_8
    95 000000DB 83 C4 3C                        	ADD	ESP,60
    96 000000DE 56                              	PUSH	ESI
    97 000000DF 57                              	PUSH	EDI
    98 000000E0 68 [00000000]                   	PUSH	LC0
    99 000000E5 53                              	PUSH	EBX
   100 000000E6 E8 [00000000]                   	CALL	_sprintf
   101 000000EB 53                              	PUSH	EBX
   102 000000EC 6A 07                           	PUSH	7
   103 000000EE 6A 00                           	PUSH	0
   104 000000F0 6A 00                           	PUSH	0
   105 000000F2 0F BF 05 00000FF4               	MOVSX	EAX,WORD [4084]
   106 000000F9 50                              	PUSH	EAX
   107 000000FA FF 35 00000FF8                  	PUSH	DWORD [4088]
   108 00000100 E8 [00000000]                   	CALL	_putfonts8_asc
   109 00000105 83 C4 28                        	ADD	ESP,40
   110 00000108 E8 000000EE                     	CALL	_enable_mouse
   111 0000010D                                 L2:
   112 0000010D E8 [00000000]                   	CALL	_io_cli
   113 00000112 68 [00000000]                   	PUSH	_keyfifo
   114 00000117 E8 [00000000]                   	CALL	_fifo8_status
   115 0000011C 68 [00000000]                   	PUSH	_mousefifo
   116 00000121 89 C3                           	MOV	EBX,EAX
   117 00000123 E8 [00000000]                   	CALL	_fifo8_status
   118 00000128 8D 04 18                        	LEA	EAX,DWORD [EAX+EBX*1]
   119 0000012B 5B                              	POP	EBX
   120 0000012C 5E                              	POP	ESI
   121 0000012D 85 C0                           	TEST	EAX,EAX
   122 0000012F 0F 84 00000089                  	JE	L11
   123 00000135 68 [00000000]                   	PUSH	_keyfifo
   124 0000013A E8 [00000000]                   	CALL	_fifo8_status
   125 0000013F 59                              	POP	ECX
   126 00000140 85 C0                           	TEST	EAX,EAX
   127 00000142 75 51                           	JNE	L12
   128 00000144 68 [00000000]                   	PUSH	_mousefifo
   129 00000149 E8 [00000000]                   	CALL	_fifo8_status
   130 0000014E 5A                              	POP	EDX
   131 0000014F 85 C0                           	TEST	EAX,EAX
   132 00000151 74 BA                           	JE	L2
   133 00000153 68 [00000000]                   	PUSH	_mousefifo
   134 00000158 E8 [00000000]                   	CALL	_fifo8_get
   135 0000015D 89 C3                           	MOV	EBX,EAX
   136 0000015F E8 [00000000]                   	CALL	_io_sti
   137 00000164 53                              	PUSH	EBX
   138 00000165 8D 5D C4                        	LEA	EBX,DWORD [-60+EBP]
   139 00000168 68 [00000009]                   	PUSH	LC1
   140 0000016D 53                              	PUSH	EBX
   141 0000016E E8 [00000000]                   	CALL	_sprintf
   142 00000173 53                              	PUSH	EBX
   143 00000174 6A 07                           	PUSH	7
   144 00000176 6A 10                           	PUSH	16
   145 00000178 6A 20                           	PUSH	32
   146 0000017A                                 L10:
   147 0000017A 0F BF 05 00000FF4               	MOVSX	EAX,WORD [4084]
   148 00000181 50                              	PUSH	EAX
   149 00000182 FF 35 00000FF8                  	PUSH	DWORD [4088]
   150 00000188 E8 [00000000]                   	CALL	_putfonts8_asc
   151 0000018D 83 C4 28                        	ADD	ESP,40
   152 00000190 E9 FFFFFF78                     	JMP	L2
   153 00000195                                 L12:
   154 00000195 68 [00000000]                   	PUSH	_keyfifo
   155 0000019A E8 [00000000]                   	CALL	_fifo8_get
   156 0000019F 89 C3                           	MOV	EBX,EAX
   157 000001A1 E8 [00000000]                   	CALL	_io_sti
   158 000001A6 53                              	PUSH	EBX
   159 000001A7 8D 5D C4                        	LEA	EBX,DWORD [-60+EBP]
   160 000001AA 68 [00000009]                   	PUSH	LC1
   161 000001AF 53                              	PUSH	EBX
   162 000001B0 E8 [00000000]                   	CALL	_sprintf
   163 000001B5 53                              	PUSH	EBX
   164 000001B6 6A 07                           	PUSH	7
   165 000001B8 6A 10                           	PUSH	16
   166 000001BA 6A 00                           	PUSH	0
   167 000001BC EB BC                           	JMP	L10
   168 000001BE                                 L11:
   169 000001BE E8 [00000000]                   	CALL	_io_stihlt
   170 000001C3 E9 FFFFFF45                     	JMP	L2
   171 000001C8                                 	GLOBAL	_wait_KBC_sendready
   172 000001C8                                 _wait_KBC_sendready:
   173 000001C8 55                              	PUSH	EBP
   174 000001C9 89 E5                           	MOV	EBP,ESP
   175 000001CB                                 L14:
   176 000001CB 6A 64                           	PUSH	100
   177 000001CD E8 [00000000]                   	CALL	_io_in8
   178 000001D2 5A                              	POP	EDX
   179 000001D3 83 E0 02                        	AND	EAX,2
   180 000001D6 75 F3                           	JNE	L14
   181 000001D8 C9                              	LEAVE
   182 000001D9 C3                              	RET
   183 000001DA                                 	GLOBAL	_init_keyboard
   184 000001DA                                 _init_keyboard:
   185 000001DA 55                              	PUSH	EBP
   186 000001DB 89 E5                           	MOV	EBP,ESP
   187 000001DD E8 FFFFFFE6                     	CALL	_wait_KBC_sendready
   188 000001E2 6A 60                           	PUSH	96
   189 000001E4 6A 64                           	PUSH	100
   190 000001E6 E8 [00000000]                   	CALL	_io_out8
   191 000001EB E8 FFFFFFD8                     	CALL	_wait_KBC_sendready
   192 000001F0 6A 47                           	PUSH	71
   193 000001F2 6A 60                           	PUSH	96
   194 000001F4 E8 [00000000]                   	CALL	_io_out8
   195 000001F9 C9                              	LEAVE
   196 000001FA C3                              	RET
   197 000001FB                                 	GLOBAL	_enable_mouse
   198 000001FB                                 _enable_mouse:
   199 000001FB 55                              	PUSH	EBP
   200 000001FC 89 E5                           	MOV	EBP,ESP
   201 000001FE E8 FFFFFFC5                     	CALL	_wait_KBC_sendready
   202 00000203 68 000000D4                     	PUSH	212
   203 00000208 6A 64                           	PUSH	100
   204 0000020A E8 [00000000]                   	CALL	_io_out8
   205 0000020F E8 FFFFFFB4                     	CALL	_wait_KBC_sendready
   206 00000214 68 000000F4                     	PUSH	244
   207 00000219 6A 60                           	PUSH	96
   208 0000021B E8 [00000000]                   	CALL	_io_out8
   209 00000220 C9                              	LEAVE
   210 00000221 C3                              	RET
